Z:\Авдеев_Николай_Николаевич\TREUG_MS\DEBUG\TREUG_MS.EXE
Z:\АВДЕЕВ_НИКОЛАЙ_НИКОЛАЕВИЧ\TREUG_MS\DEBUG\TREUG_MS.PDB
Z:\Авдеев_Николай_Николаевич\TREUG_MS\TREUG_MS\DEBUG\MAIN.OBJ
Z:\АВДЕЕВ_НИКОЛАЙ_НИКОЛАЕВИЧ\TREUG_MS\TREUG_MS\DEBUG\VC100.PDB
Z:\Авдеев_Николай_Николаевич\vgu-tp-master\Treug_ms\Debug\Treug_ms.exe
Z:\Авдеев_Николай_Николаевич\vgu-tp-master\Treug_ms\Debug\Treug_ms.ilk
Z:\Авдеев_Николай_Николаевич\vgu-tp-master\Treug_ms\Debug\Treug_ms.pdb
Z:\Авдеев_Николай_Николаевич\vgu-tp-master\Treug_ms\Treug_ms\Debug\cl.command.1.tlog
Z:\Авдеев_Николай_Николаевич\vgu-tp-master\Treug_ms\Treug_ms\Debug\CL.read.1.tlog
Z:\Авдеев_Николай_Николаевич\vgu-tp-master\Treug_ms\Treug_ms\Debug\CL.write.1.tlog
Z:\Авдеев_Николай_Николаевич\vgu-tp-master\Treug_ms\Treug_ms\Debug\link.command.1.tlog
Z:\Авдеев_Николай_Николаевич\vgu-tp-master\Treug_ms\Treug_ms\Debug\link.read.1.tlog
Z:\Авдеев_Николай_Николаевич\vgu-tp-master\Treug_ms\Treug_ms\Debug\link.write.1.tlog
Z:\Авдеев_Николай_Николаевич\vgu-tp-master\Treug_ms\Treug_ms\Debug\main.obj
Z:\Авдеев_Николай_Николаевич\vgu-tp-master\Treug_ms\Treug_ms\Debug\mt.command.1.tlog
Z:\Авдеев_Николай_Николаевич\vgu-tp-master\Treug_ms\Treug_ms\Debug\mt.read.1.tlog
Z:\Авдеев_Николай_Николаевич\vgu-tp-master\Treug_ms\Treug_ms\Debug\mt.write.1.tlog
Z:\Авдеев_Николай_Николаевич\vgu-tp-master\Treug_ms\Treug_ms\Debug\Treug_ms.exe.intermediate.manifest
Z:\Авдеев_Николай_Николаевич\vgu-tp-master\Treug_ms\Treug_ms\Debug\vc100.idb
Z:\Авдеев_Николай_Николаевич\vgu-tp-master\Treug_ms\Treug_ms\Debug\vc100.pdb
